# JRE version: OpenJDK Runtime Environment Temurin-17.0.16+8 (17.0.18+8) (build 17.0.16+8)
# Java VM: OpenJDK 64-Bit Server VM Temurin-17.0.16+8 (17.0.18+8, mixed mode, tiered, compressed oops, compressed class ptrs, g1 gc, windows-amd64)
GC Precious Log:
 CPUs: 12 total, 12 available
 Memory: 16055M
 Large Page Support: Disabled
 NUMA Support: Disabled
 Compressed Oops: Enabled (Zero based)
 Heap Region Size: 2M
 Heap Min Capacity: 8M
 Heap Initial Capacity: 252M
 Heap Max Capacity: 4014M
 Pre-touch: Disabled
 Parallel Workers: 10
 Concurrent Workers: 3
 Concurrent Refinement Workers: 10
 Periodic GC: Disabled
Heap:
 garbage-first heap   total 61440K, used 40025K [0x0000000705200000, 0x0000000800000000)
  region size 2048K, 5 young (10240K), 0 survivors (0K)
 Metaspace       used 97304K, committed 97856K, reserved 1179648K
  class space    used 13109K, committed 13376K, reserved 1048576K
GC Heap History (20 events):
Event: 15.692 GC heap before
{Heap before GC invocations=36 (full 0):
 garbage-first heap   total 59392K, used 46009K [0x0000000705200000, 0x0000000800000000)
  region size 2048K, 8 young (16384K), 1 survivors (2048K)
 Metaspace       used 85899K, committed 86464K, reserved 1179648K
  class space    used 11339K, committed 11584K, reserved 1048576K
}
Event: 15.695 GC heap after
{Heap after GC invocations=37 (full 0):
 garbage-first heap   total 59392K, used 32380K [0x0000000705200000, 0x0000000800000000)
  region size 2048K, 1 young (2048K), 1 survivors (2048K)
 Metaspace       used 85899K, committed 86464K, reserved 1179648K
  class space    used 11339K, committed 11584K, reserved 1048576K
}
Event: 16.098 GC heap before
{Heap before GC invocations=38 (full 0):
 garbage-first heap   total 61440K, used 46716K [0x0000000705200000, 0x0000000800000000)
  region size 2048K, 8 young (16384K), 1 survivors (2048K)
 Metaspace       used 86769K, committed 87360K, reserved 1179648K
  class space    used 11472K, committed 11776K, reserved 1048576K
}
Event: 16.100 GC heap after
{Heap after GC invocations=39 (full 0):
 garbage-first heap   total 61440K, used 33301K [0x0000000705200000, 0x0000000800000000)
  region size 2048K, 1 young (2048K), 1 survivors (2048K)
 Metaspace       used 86769K, committed 87360K, reserved 1179648K
  class space    used 11472K, committed 11776K, reserved 1048576K
}
Event: 16.148 GC heap before
{Heap before GC invocations=39 (full 0):
 garbage-first heap   total 61440K, used 35349K [0x0000000705200000, 0x0000000800000000)
  region size 2048K, 2 young (4096K), 1 survivors (2048K)
 Metaspace       used 86856K, committed 87424K, reserved 1179648K
  class space    used 11481K, committed 11776K, reserved 1048576K
}
Event: 16.151 GC heap after
{Heap after GC invocations=40 (full 0):
 garbage-first heap   total 61440K, used 33129K [0x0000000705200000, 0x0000000800000000)
  region size 2048K, 1 young (2048K), 1 survivors (2048K)
 Metaspace       used 86856K, committed 87424K, reserved 1179648K
  class space    used 11481K, committed 11776K, reserved 1048576K
}
Event: 16.657 GC heap before
{Heap before GC invocations=40 (full 0):
 garbage-first heap   total 61440K, used 49513K [0x0000000705200000, 0x0000000800000000)
  region size 2048K, 9 young (18432K), 1 survivors (2048K)
 Metaspace       used 88499K, committed 89088K, reserved 1179648K
  class space    used 11708K, committed 11968K, reserved 1048576K
}
Event: 16.660 GC heap after
{Heap after GC invocations=41 (full 0):
 garbage-first heap   total 61440K, used 34021K [0x0000000705200000, 0x0000000800000000)
  region size 2048K, 1 young (2048K), 1 survivors (2048K)
 Metaspace       used 88499K, committed 89088K, reserved 1179648K
  class space    used 11708K, committed 11968K, reserved 1048576K
}
Event: 17.156 GC heap before
{Heap before GC invocations=42 (full 0):
 garbage-first heap   total 61440K, used 48357K [0x0000000705200000, 0x0000000800000000)
  region size 2048K, 9 young (18432K), 1 survivors (2048K)
 Metaspace       used 91103K, committed 91712K, reserved 1179648K
  class space    used 12182K, committed 12480K, reserved 1048576K
}
Event: 17.159 GC heap after
{Heap after GC invocations=43 (full 0):
 garbage-first heap   total 61440K, used 34995K [0x0000000705200000, 0x0000000800000000)
  region size 2048K, 2 young (4096K), 2 survivors (4096K)
 Metaspace       used 91103K, committed 91712K, reserved 1179648K
  class space    used 12182K, committed 12480K, reserved 1048576K
}
Event: 17.394 GC heap before
{Heap before GC invocations=43 (full 0):
 garbage-first heap   total 61440K, used 47283K [0x0000000705200000, 0x0000000800000000)
  region size 2048K, 9 young (18432K), 2 survivors (4096K)
 Metaspace       used 92845K, committed 93440K, reserved 1179648K
  class space    used 12463K, committed 12736K, reserved 1048576K
}
Event: 17.397 GC heap after
{Heap after GC invocations=44 (full 0):
 garbage-first heap   total 61440K, used 36129K [0x0000000705200000, 0x0000000800000000)
  region size 2048K, 2 young (4096K), 2 survivors (4096K)
 Metaspace       used 92845K, committed 93440K, reserved 1179648K
  class space    used 12463K, committed 12736K, reserved 1048576K
}
Event: 17.697 GC heap before
{Heap before GC invocations=44 (full 0):
 garbage-first heap   total 61440K, used 46369K [0x0000000705200000, 0x0000000800000000)
  region size 2048K, 8 young (16384K), 2 survivors (4096K)
 Metaspace       used 95506K, committed 96128K, reserved 1179648K
  class space    used 12886K, committed 13184K, reserved 1048576K
}
Event: 17.700 GC heap after
{Heap after GC invocations=45 (full 0):
 garbage-first heap   total 61440K, used 37056K [0x0000000705200000, 0x0000000800000000)
  region size 2048K, 1 young (2048K), 1 survivors (2048K)
 Metaspace       used 95506K, committed 96128K, reserved 1179648K
  class space    used 12886K, committed 13184K, reserved 1048576K
}
Event: 245.176 GC heap before
{Heap before GC invocations=45 (full 0):
 garbage-first heap   total 61440K, used 49344K [0x0000000705200000, 0x0000000800000000)
  region size 2048K, 7 young (14336K), 1 survivors (2048K)
 Metaspace       used 95661K, committed 96256K, reserved 1179648K
  class space    used 12898K, committed 13184K, reserved 1048576K
}
Event: 245.179 GC heap after
{Heap after GC invocations=46 (full 0):
 garbage-first heap   total 61440K, used 36778K [0x0000000705200000, 0x0000000800000000)
  region size 2048K, 1 young (2048K), 1 survivors (2048K)
 Metaspace       used 95661K, committed 96256K, reserved 1179648K
  class space    used 12898K, committed 13184K, reserved 1048576K
}
Event: 488.916 GC heap before
{Heap before GC invocations=46 (full 0):
 garbage-first heap   total 61440K, used 47018K [0x0000000705200000, 0x0000000800000000)
  region size 2048K, 7 young (14336K), 1 survivors (2048K)
 Metaspace       used 95828K, committed 96384K, reserved 1179648K
  class space    used 12917K, committed 13184K, reserved 1048576K
}
Event: 488.918 GC heap after
{Heap after GC invocations=47 (full 0):
 garbage-first heap   total 61440K, used 36781K [0x0000000705200000, 0x0000000800000000)
  region size 2048K, 1 young (2048K), 1 survivors (2048K)
 Metaspace       used 95828K, committed 96384K, reserved 1179648K
  class space    used 12917K, committed 13184K, reserved 1048576K
}
Event: 593.319 GC heap before
{Heap before GC invocations=47 (full 0):
 garbage-first heap   total 61440K, used 47021K [0x0000000705200000, 0x0000000800000000)
  region size 2048K, 7 young (14336K), 1 survivors (2048K)
 Metaspace       used 97261K, committed 97856K, reserved 1179648K
  class space    used 13107K, committed 13376K, reserved 1048576K
}
Event: 593.367 GC heap after
{Heap after GC invocations=48 (full 1):
 garbage-first heap   total 61440K, used 31833K [0x0000000705200000, 0x0000000800000000)
  region size 2048K, 0 young (0K), 0 survivors (0K)
 Metaspace       used 97261K, committed 97856K, reserved 1179648K
  class space    used 13107K, committed 13376K, reserved 1048576K
}

